d:\mycode\myadmin\myadmin\debug\myadmin.pch
d:\mycode\myadmin\myadmin\debug\vc120.pdb
d:\mycode\myadmin\myadmin\debug\vc120.idb
d:\mycode\myadmin\myadmin\debug\stdafx.obj
d:\mycode\myadmin\myadmin\debug\cfgview.obj
d:\mycode\myadmin\myadmin\debug\cfg_op.obj
d:\mycode\myadmin\myadmin\debug\dlginitcfg.obj
d:\mycode\myadmin\myadmin\debug\dlgnodecreate.obj
d:\mycode\myadmin\myadmin\debug\formbackground.obj
d:\mycode\myadmin\myadmin\debug\gfxgroupedit.obj
d:\mycode\myadmin\myadmin\debug\gfxoutbarctrl.obj
d:\mycode\myadmin\myadmin\debug\gfxpopupmenu.obj
d:\mycode\myadmin\myadmin\debug\gfxsplitterwnd.obj
d:\mycode\myadmin\myadmin\debug\mainfrm.obj
d:\mycode\myadmin\myadmin\debug\myadmin.obj
d:\mycode\myadmin\myadmin\debug\myadmindoc.obj
d:\mycode\myadmin\myadmin\debug\myadminview.obj
d:\mycode\myadmin\myadmin\debug\secmngsecnode.obj
d:\mycode\myadmin\myadmin\debug\secmngsrvcfg.obj
d:\mycode\myadmin\myadmin\debug\myadmin.tlog\cl.command.1.tlog
d:\mycode\myadmin\myadmin\debug\myadmin.tlog\cl.read.1.tlog
d:\mycode\myadmin\myadmin\debug\myadmin.tlog\cl.write.1.tlog
